Using pre-set license
Built from '2021.3/release' branch; Version is '2021.3.17f1 (3e8111cac19d) revision 4096273'; Using compiler version '192829333'; Build Type 'Release'
OS: 'Windows 11  (10.0.22621) 64bit Core' Language: 'ko' Physical Memory: 15712 MB
BatchMode: 1, IsHumanControllingUs: 0, StartBugReporterOnCrash: 0, Is64bit: 1, IsPro: 1

COMMAND LINE ARGUMENTS:
C:\Program Files\Unity\Hub\Editor\2021.3.17f1\Editor\Unity.exe
-adb2
-batchMode
-noUpm
-name
AssetImportWorker2
-projectPath
C:/Users/JY/MAP
-logFile
Logs/AssetImportWorker2.log
-srvPort
55651
Successfully changed project path to: C:/Users/JY/MAP
C:/Users/JY/MAP
[UnityMemory] Configuration Parameters - Can be set up in boot.config
    "memorysetup-bucket-allocator-granularity=16"
    "memorysetup-bucket-allocator-bucket-count=8"
    "memorysetup-bucket-allocator-block-size=33554432"
    "memorysetup-bucket-allocator-block-count=8"
    "memorysetup-main-allocator-block-size=16777216"
    "memorysetup-thread-allocator-block-size=16777216"
    "memorysetup-gfx-main-allocator-block-size=16777216"
    "memorysetup-gfx-thread-allocator-block-size=16777216"
    "memorysetup-cache-allocator-block-size=4194304"
    "memorysetup-typetree-allocator-block-size=2097152"
    "memorysetup-profiler-bucket-allocator-granularity=16"
    "memorysetup-profiler-bucket-allocator-bucket-count=8"
    "memorysetup-profiler-bucket-allocator-block-size=33554432"
    "memorysetup-profiler-bucket-allocator-block-count=8"
    "memorysetup-profiler-allocator-block-size=16777216"
    "memorysetup-profiler-editor-allocator-block-size=1048576"
    "memorysetup-temp-allocator-size-main=16777216"
    "memorysetup-job-temp-allocator-block-size=2097152"
    "memorysetup-job-temp-allocator-block-size-background=1048576"
    "memorysetup-job-temp-allocator-reduction-small-platforms=262144"
    "memorysetup-temp-allocator-size-background-worker=32768"
    "memorysetup-temp-allocator-size-job-worker=262144"
    "memorysetup-temp-allocator-size-preload-manager=33554432"
    "memorysetup-temp-allocator-size-nav-mesh-worker=65536"
    "memorysetup-temp-allocator-size-audio-worker=65536"
    "memorysetup-temp-allocator-size-cloud-worker=32768"
    "memorysetup-temp-allocator-size-gi-baking-worker=262144"
    "memorysetup-temp-allocator-size-gfx=262144"
Player connection [25736] Host "[IP] 10.50.241.73 [Port] 0 [Flags] 2 [Guid] 1375520029 [EditorId] 1375520029 [Version] 1048832 [Id] WindowsEditor(7,DESKTOP-6TS3J6R) [Debug] 1 [PackageName] WindowsEditor [ProjectName] Editor" joined multi-casting on [225.0.0.222:54997]...

Player connection [25736] Host "[IP] 10.50.241.73 [Port] 0 [Flags] 2 [Guid] 1375520029 [EditorId] 1375520029 [Version] 1048832 [Id] WindowsEditor(7,DESKTOP-6TS3J6R) [Debug] 1 [PackageName] WindowsEditor [ProjectName] Editor" joined alternative multi-casting on [225.0.0.222:34997]...

Refreshing native plugins compatible for Editor in 109.45 ms, found 3 plugins.
Preloading 0 native plugins for Editor in 0.00 ms.
Initialize engine version: 2021.3.17f1 (3e8111cac19d)
[Subsystems] Discovering subsystems at path C:/Program Files/Unity/Hub/Editor/2021.3.17f1/Editor/Data/Resources/UnitySubsystems
[Subsystems] Discovering subsystems at path C:/Users/JY/MAP/Assets
GfxDevice: creating device client; threaded=0; jobified=0
Direct3D:
    Version:  Direct3D 11.0 [level 11.1]
    Renderer: AMD Radeon (TM) Graphics (ID=0x15e7)
    Vendor:   ATI
    VRAM:     7856 MB
    Driver:   31.0.12042.14001
Initialize mono
Mono path[0] = 'C:/Program Files/Unity/Hub/Editor/2021.3.17f1/Editor/Data/Managed'
Mono path[1] = 'C:/Program Files/Unity/Hub/Editor/2021.3.17f1/Editor/Data/MonoBleedingEdge/lib/mono/unityjit-win32'
Mono config path = 'C:/Program Files/Unity/Hub/Editor/2021.3.17f1/Editor/Data/MonoBleedingEdge/etc'
Using monoOptions --debugger-agent=transport=dt_socket,embedding=1,server=y,suspend=n,address=127.0.0.1:56076
Begin MonoManager ReloadAssembly
Registering precompiled unity dll's ...
Register platform support module: C:/Program Files/Unity/Hub/Editor/2021.3.17f1/Editor/Data/PlaybackEngines/WindowsStandaloneSupport/UnityEditor.WindowsStandalone.Extensions.dll
Registered in 0.003368 seconds.
Native extension for WindowsStandalone target not found
Refreshing native plugins compatible for Editor in 78.38 ms, found 3 plugins.
Preloading 0 native plugins for Editor in 0.00 ms.
Mono: successfully reloaded assembly
- Completed reload, in  0.529 seconds
Domain Reload Profiling:
	ReloadAssembly (530ms)
		BeginReloadAssembly (72ms)
			ExecutionOrderSort (0ms)
			DisableScriptedObjects (0ms)
			BackupInstance (0ms)
			ReleaseScriptingObjects (0ms)
			CreateAndSetChildDomain (1ms)
		EndReloadAssembly (370ms)
			LoadAssemblies (70ms)
			RebuildTransferFunctionScriptingTraits (0ms)
			SetupTypeCache (93ms)
			ReleaseScriptCaches (0ms)
			RebuildScriptCaches (21ms)
			SetupLoadedEditorAssemblies (213ms)
				LogAssemblyErrors (0ms)
				InitializePlatformSupportModulesInManaged (6ms)
				SetLoadedEditorAssemblies (0ms)
				RefreshPlugins (78ms)
				BeforeProcessingInitializeOnLoad (1ms)
				ProcessInitializeOnLoadAttributes (94ms)
				ProcessInitializeOnLoadMethodAttributes (33ms)
				AfterProcessingInitializeOnLoad (0ms)
				EditorAssembliesLoaded (0ms)
			ExecutionOrderSort2 (0ms)
			AwakeInstancesAfterBackupRestoration (0ms)
Platform modules already initialized, skipping
Registering precompiled user dll's ...
Registered in 0.005070 seconds.
Begin MonoManager ReloadAssembly
Symbol file LoadedFromMemory doesn't match image C:\Users\JY\MAP\Library\PackageCache\com.unity.visualscripting@1.8.0\Editor\VisualScripting.Core\Dependencies\YamlDotNet\Unity.VisualScripting.YamlDotNet.dll
Symbol file LoadedFromMemory doesn't match image C:\Users\JY\MAP\Library\PackageCache\com.unity.visualscripting@1.8.0\Editor\VisualScripting.Core\Dependencies\DotNetZip\Unity.VisualScripting.IonicZip.dll
Native extension for WindowsStandalone target not found
Refreshing native plugins compatible for Editor in 92.64 ms, found 3 plugins.
Preloading 0 native plugins for Editor in 0.00 ms.
Mono: successfully reloaded assembly
- Completed reload, in  1.023 seconds
Domain Reload Profiling:
	ReloadAssembly (1024ms)
		BeginReloadAssembly (84ms)
			ExecutionOrderSort (0ms)
			DisableScriptedObjects (4ms)
			BackupInstance (0ms)
			ReleaseScriptingObjects (0ms)
			CreateAndSetChildDomain (17ms)
		EndReloadAssembly (855ms)
			LoadAssemblies (75ms)
			RebuildTransferFunctionScriptingTraits (0ms)
			SetupTypeCache (225ms)
			ReleaseScriptCaches (1ms)
			RebuildScriptCaches (48ms)
			SetupLoadedEditorAssemblies (465ms)
				LogAssemblyErrors (0ms)
				InitializePlatformSupportModulesInManaged (3ms)
				SetLoadedEditorAssemblies (0ms)
				RefreshPlugins (93ms)
				BeforeProcessingInitializeOnLoad (92ms)
				ProcessInitializeOnLoadAttributes (204ms)
				ProcessInitializeOnLoadMethodAttributes (68ms)
				AfterProcessingInitializeOnLoad (5ms)
				EditorAssembliesLoaded (0ms)
			ExecutionOrderSort2 (0ms)
			AwakeInstancesAfterBackupRestoration (5ms)
Platform modules already initialized, skipping
========================================================================
Worker process is ready to serve import requests
Launched and connected shader compiler UnityShaderCompiler.exe after 0.07 seconds
Refreshing native plugins compatible for Editor in 0.90 ms, found 3 plugins.
Preloading 0 native plugins for Editor in 0.00 ms.
Unloading 5031 Unused Serialized files (Serialized files now loaded: 0)
Unloading 41 unused Assets / (0.7 MB). Loaded Objects now: 5475.
Memory consumption went from 197.0 MB to 196.3 MB.
Total: 3.861800 ms (FindLiveObjects: 0.401200 ms CreateObjectMapping: 0.354100 ms MarkObjects: 2.780500 ms  DeleteObjects: 0.324900 ms)

AssetImportParameters requested are different than current active one (requested -> active):
  custom:video-decoder-ogg-theora: a1e56fd34408186e4bbccfd4996cb3dc -> 
  custom:container-muxer-webm: aa71ff27fc2769a1b78a27578f13a17b -> 
  custom:container-demuxer-webm: 4f35f7cbe854078d1ac9338744f61a02 -> 
  custom:video-encoder-webm-vp8: eb34c28f22e8b96e1ab97ce403110664 -> 
  custom:video-codec-MediaFoundation-h265: 746d11721c4dcdbdad8f713fa42b33f4 -> 
  custom:audio-encoder-webm-vorbis: bf7c407c2cedff20999df2af8eb42d56 -> 
  custom:framework-win-MediaFoundation: 216162199b28c13a410421893ffa2e32 -> 
  custom:container-demuxer-ogg: 62fdf1f143b41e24485cea50d1cbac27 -> 
  custom:video-decoder-webm-vp8: 9c59270c3fd7afecdb556c50c9e8de78 -> 
  custom:audio-decoder-ogg-vorbis: bf7c407c2cedff20999df2af8eb42d56 -> 
========================================================================
Received Import Request.
  Time since last request: 1041756.331393 seconds.
  path: Assets/Materials/Floor.mat
  artifactKey: Guid(8cc3bca99f302974f85839e953c96a2f) Importer(815301076,1909f56bfc062723c751e8b465ee728b)
Start importing Assets/Materials/Floor.mat using Guid(8cc3bca99f302974f85839e953c96a2f) Importer(815301076,1909f56bfc062723c751e8b465ee728b)  -> (artifact id: 'e05428cb5bba6477d34762d347b54e31') in 0.220320 seconds 
========================================================================
Received Import Request.
  Time since last request: 9.647793 seconds.
  path: Assets/Materials/Floor.mat
  artifactKey: Guid(8cc3bca99f302974f85839e953c96a2f) Importer(815301076,1909f56bfc062723c751e8b465ee728b)
Start importing Assets/Materials/Floor.mat using Guid(8cc3bca99f302974f85839e953c96a2f) Importer(815301076,1909f56bfc062723c751e8b465ee728b)  -> (artifact id: '80b5f313ac1e25d519df7b0ad26b280d') in 0.024175 seconds 
========================================================================
Received Import Request.
  Time since last request: 483.215408 seconds.
  path: Assets/Materials/KakaoTalk_20230801_033320076.png
  artifactKey: Guid(83eb8ec3f00ce1645963c23fa8730827) Importer(815301076,1909f56bfc062723c751e8b465ee728b)
Start importing Assets/Materials/KakaoTalk_20230801_033320076.png using Guid(83eb8ec3f00ce1645963c23fa8730827) Importer(815301076,1909f56bfc062723c751e8b465ee728b)  -> (artifact id: '854677a01f331538be9e3898c9289dc3') in 0.026368 seconds 
========================================================================
Received Import Request.
  Time since last request: 3.012076 seconds.
  path: Assets/Materials/Wall.mat
  artifactKey: Guid(1bb35cc82c573f24ab2bc61a8cbe3403) Importer(815301076,1909f56bfc062723c751e8b465ee728b)
Start importing Assets/Materials/Wall.mat using Guid(1bb35cc82c573f24ab2bc61a8cbe3403) Importer(815301076,1909f56bfc062723c751e8b465ee728b)  -> (artifact id: '7749f9dfd7c3ea4d6d9666e215bbb446') in 0.017143 seconds 
========================================================================
Received Import Request.
  Time since last request: 3.513015 seconds.
  path: Assets/Materials/Materials
  artifactKey: Guid(cb7298bad693e8b4388a10421665c225) Importer(815301076,1909f56bfc062723c751e8b465ee728b)
Start importing Assets/Materials/Materials using Guid(cb7298bad693e8b4388a10421665c225) Importer(815301076,1909f56bfc062723c751e8b465ee728b)  -> (artifact id: 'b00fc053817e45448504c13df0454cc4') in 0.012807 seconds 
========================================================================
Received Import Request.
  Time since last request: 0.100098 seconds.
  path: Assets/Materials/Materials/KakaoTalk_20230801_033320076.mat
  artifactKey: Guid(467ebc944fde68f4290f7a0246d7169b) Importer(815301076,1909f56bfc062723c751e8b465ee728b)
Start importing Assets/Materials/Materials/KakaoTalk_20230801_033320076.mat using Guid(467ebc944fde68f4290f7a0246d7169b) Importer(815301076,1909f56bfc062723c751e8b465ee728b)  -> (artifact id: '54f97ddd59a402f7d5944cd492cfe528') in 0.017367 seconds 
========================================================================
Received Import Request.
  Time since last request: 141.813355 seconds.
  path: Assets/Materials/Wall.png
  artifactKey: Guid(d781fd6948d153148ba2d2200178b10c) Importer(815301076,1909f56bfc062723c751e8b465ee728b)
Start importing Assets/Materials/Wall.png using Guid(d781fd6948d153148ba2d2200178b10c) Importer(815301076,1909f56bfc062723c751e8b465ee728b)  -> (artifact id: '54bf2c8137e839639853afe4ebbda0a4') in 0.017100 seconds 
========================================================================
Received Import Request.
  Time since last request: 150.334791 seconds.
  path: Assets/Materials/251-2519870_transparent-bank-vault-png-bank-vault-png-png.png
  artifactKey: Guid(b1176e330ac92d54bbf0c83eee0294dd) Importer(815301076,1909f56bfc062723c751e8b465ee728b)
Start importing Assets/Materials/251-2519870_transparent-bank-vault-png-bank-vault-png-png.png using Guid(b1176e330ac92d54bbf0c83eee0294dd) Importer(815301076,1909f56bfc062723c751e8b465ee728b)  -> (artifact id: '70976df0cfbaa810b011f826721b0c65') in 0.015188 seconds 
========================================================================
Received Import Request.
  Time since last request: 41.751208 seconds.
  path: Assets/Materials/images.jpg
  artifactKey: Guid(db9cb2dd4b8b6c4419443673743de872) Importer(815301076,1909f56bfc062723c751e8b465ee728b)
Start importing Assets/Materials/images.jpg using Guid(db9cb2dd4b8b6c4419443673743de872) Importer(815301076,1909f56bfc062723c751e8b465ee728b)  -> (artifact id: 'd8084ba45677ee189f7178d6415a1307') in 0.017984 seconds 
========================================================================
Received Import Request.
  Time since last request: 87.004668 seconds.
  path: Assets/Materials/Money.jpg
  artifactKey: Guid(db9cb2dd4b8b6c4419443673743de872) Importer(815301076,1909f56bfc062723c751e8b465ee728b)
Start importing Assets/Materials/Money.jpg using Guid(db9cb2dd4b8b6c4419443673743de872) Importer(815301076,1909f56bfc062723c751e8b465ee728b)  -> (artifact id: '61c3563d952f822f78ea9ac7f3972af1') in 0.015825 seconds 
========================================================================
Received Import Request.
  Time since last request: 16.536290 seconds.
  path: Assets/Materials/Metal 1.mat
  artifactKey: Guid(6c7f724e8478bf34da89923666ed8b1d) Importer(815301076,1909f56bfc062723c751e8b465ee728b)
Start importing Assets/Materials/Metal 1.mat using Guid(6c7f724e8478bf34da89923666ed8b1d) Importer(815301076,1909f56bfc062723c751e8b465ee728b)  -> (artifact id: 'dd00380219c67397ae2905d9d5b4fe88') in 0.024179 seconds 
========================================================================
Received Import Request.
  Time since last request: 6.481858 seconds.
  path: Assets/Materials/Vault.mat
  artifactKey: Guid(6c7f724e8478bf34da89923666ed8b1d) Importer(815301076,1909f56bfc062723c751e8b465ee728b)
Start importing Assets/Materials/Vault.mat using Guid(6c7f724e8478bf34da89923666ed8b1d) Importer(815301076,1909f56bfc062723c751e8b465ee728b)  -> (artifact id: '50a75e7c4b000520bed9f4a4ed5bcbc9') in 0.019110 seconds 
========================================================================
Received Import Request.
  Time since last request: 226.965978 seconds.
  path: Assets/Materials/Vault.mat
  artifactKey: Guid(6c7f724e8478bf34da89923666ed8b1d) Importer(815301076,1909f56bfc062723c751e8b465ee728b)
Start importing Assets/Materials/Vault.mat using Guid(6c7f724e8478bf34da89923666ed8b1d) Importer(815301076,1909f56bfc062723c751e8b465ee728b)  -> (artifact id: '835dd6eab3db997e7ddeab46845c2d7b') in 0.450863 seconds 
========================================================================
Received Import Request.
  Time since last request: 5.683520 seconds.
  path: Assets/Scenes/SampleScene.unity
  artifactKey: Guid(99c9720ab356a0642a771bea13969a05) Importer(815301076,1909f56bfc062723c751e8b465ee728b)
Start importing Assets/Scenes/SampleScene.unity using Guid(99c9720ab356a0642a771bea13969a05) Importer(815301076,1909f56bfc062723c751e8b465ee728b)  -> (artifact id: '2c873f7b8b1f17b2a3e863538a17a9dc') in 0.015099 seconds 
========================================================================
Received Import Request.
  Time since last request: 9.300513 seconds.
  path: Assets/Scenes/Basement.unity
  artifactKey: Guid(99c9720ab356a0642a771bea13969a05) Importer(815301076,1909f56bfc062723c751e8b465ee728b)
Start importing Assets/Scenes/Basement.unity using Guid(99c9720ab356a0642a771bea13969a05) Importer(815301076,1909f56bfc062723c751e8b465ee728b)  -> (artifact id: 'a92250ec7f7b66a9b679c3ecc707eab1') in 0.012305 seconds 
========================================================================
Received Import Request.
  Time since last request: 15.607491 seconds.
  path: Assets/New Terrain.asset
  artifactKey: Guid(7e220d582e7b9f242b274e81249d4af0) Importer(2089858483,0ecaa5967403d082aa24f35e1b516d23)
Start importing Assets/New Terrain.asset using Guid(7e220d582e7b9f242b274e81249d4af0) Importer(2089858483,0ecaa5967403d082aa24f35e1b516d23) Generated GUIDs only implemented for interfaces!
 -> (artifact id: 'd6cf8f36195396dfabdf0a81f06a486e') in 0.153811 seconds 
========================================================================
Received Import Request.
  Time since last request: 0.000055 seconds.
  path: Assets/Settings/URP-Performant-Renderer.asset
  artifactKey: Guid(707360a9c581a4bd7aa53bfeb1429f71) Importer(2089858483,0ecaa5967403d082aa24f35e1b516d23)
Start importing Assets/Settings/URP-Performant-Renderer.asset using Guid(707360a9c581a4bd7aa53bfeb1429f71) Importer(2089858483,0ecaa5967403d082aa24f35e1b516d23) Generated GUIDs only implemented for interfaces!
 -> (artifact id: '5c920032889e8d7b37fbefade20228d4') in 0.031078 seconds 
========================================================================
Received Import Request.
  Time since last request: 0.000043 seconds.
  path: Assets/Settings/URP-Balanced.asset
  artifactKey: Guid(e1260c1148f6143b28bae5ace5e9c5d1) Importer(2089858483,0ecaa5967403d082aa24f35e1b516d23)
Start importing Assets/Settings/URP-Balanced.asset using Guid(e1260c1148f6143b28bae5ace5e9c5d1) Importer(2089858483,0ecaa5967403d082aa24f35e1b516d23) Generated GUIDs only implemented for interfaces!
 -> (artifact id: '98bd40b9f1115882517c27f0dfe7fd28') in 0.041652 seconds 
========================================================================
Received Import Request.
  Time since last request: 0.000046 seconds.
  path: Assets/Materials/Materials/images.mat
  artifactKey: Guid(aa02304cf911df44c82913d0253e2d27) Importer(2089858483,0ecaa5967403d082aa24f35e1b516d23)
Start importing Assets/Materials/Materials/images.mat using Guid(aa02304cf911df44c82913d0253e2d27) Importer(2089858483,0ecaa5967403d082aa24f35e1b516d23) Generated GUIDs only implemented for interfaces!
 -> (artifact id: '18488637d0219421598f78a5a32c2a21') in 0.026511 seconds 
========================================================================
Received Import Request.
  Time since last request: 0.000028 seconds.
  path: Assets/Materials/Materials/251-2519870_transparent-bank-vault-png-bank-vault-png-png.mat
  artifactKey: Guid(5baab26a9a6ce364bbaa889c67bb28d9) Importer(2089858483,0ecaa5967403d082aa24f35e1b516d23)
Start importing Assets/Materials/Materials/251-2519870_transparent-bank-vault-png-bank-vault-png-png.mat using Guid(5baab26a9a6ce364bbaa889c67bb28d9) Importer(2089858483,0ecaa5967403d082aa24f35e1b516d23) Generated GUIDs only implemented for interfaces!
 -> (artifact id: '11a0512ab5fe15227a9604714accdd48') in 0.017410 seconds 
========================================================================
Received Import Request.
  Time since last request: 0.000051 seconds.
  path: Assets/Materials/Materials/Wall.mat
  artifactKey: Guid(7e69a7f220d55084c955285faf693818) Importer(2089858483,0ecaa5967403d082aa24f35e1b516d23)
Start importing Assets/Materials/Materials/Wall.mat using Guid(7e69a7f220d55084c955285faf693818) Importer(2089858483,0ecaa5967403d082aa24f35e1b516d23) Generated GUIDs only implemented for interfaces!
 -> (artifact id: '17bff8a8e7cd50be93a214d01fae82bb') in 0.016013 seconds 
========================================================================
Received Import Request.
  Time since last request: 0.000030 seconds.
  path: Assets/Settings/URP-Balanced-Renderer.asset
  artifactKey: Guid(e634585d5c4544dd297acaee93dc2beb) Importer(2089858483,0ecaa5967403d082aa24f35e1b516d23)
Start importing Assets/Settings/URP-Balanced-Renderer.asset using Guid(e634585d5c4544dd297acaee93dc2beb) Importer(2089858483,0ecaa5967403d082aa24f35e1b516d23) Generated GUIDs only implemented for interfaces!
 -> (artifact id: 'eddd78b8030a32e3221940cce418322b') in 0.024623 seconds 
========================================================================
Received Import Request.
  Time since last request: 0.000028 seconds.
  path: Assets/Settings/SampleSceneProfile.asset
  artifactKey: Guid(a6560a915ef98420e9faacc1c7438823) Importer(2089858483,0ecaa5967403d082aa24f35e1b516d23)
Start importing Assets/Settings/SampleSceneProfile.asset using Guid(a6560a915ef98420e9faacc1c7438823) Importer(2089858483,0ecaa5967403d082aa24f35e1b516d23) Generated GUIDs only implemented for interfaces!
 -> (artifact id: 'fcf2919d626995a0f2bd2d745f6ca997') in 0.025488 seconds 
========================================================================
Received Import Request.
  Time since last request: 0.000040 seconds.
  path: Assets/Materials/Vault.mat
  artifactKey: Guid(6c7f724e8478bf34da89923666ed8b1d) Importer(2089858483,0ecaa5967403d082aa24f35e1b516d23)
Start importing Assets/Materials/Vault.mat using Guid(6c7f724e8478bf34da89923666ed8b1d) Importer(2089858483,0ecaa5967403d082aa24f35e1b516d23) Generated GUIDs only implemented for interfaces!
 -> (artifact id: 'f5d99a17009c07d23138528b4c3781a5') in 0.021047 seconds 
========================================================================
Received Import Request.
  Time since last request: 0.000051 seconds.
  path: Assets/Settings/URP-HighFidelity-Renderer.asset
  artifactKey: Guid(c40be3174f62c4acf8c1216858c64956) Importer(2089858483,0ecaa5967403d082aa24f35e1b516d23)
Start importing Assets/Settings/URP-HighFidelity-Renderer.asset using Guid(c40be3174f62c4acf8c1216858c64956) Importer(2089858483,0ecaa5967403d082aa24f35e1b516d23) Generated GUIDs only implemented for interfaces!
 -> (artifact id: 'b54dee0589c81a322aabf9c06e45d1f8') in 0.024585 seconds 
Editor requested this worker to shutdown with reason: Scaling down because of idle timeout
AssetImportWorker is now disconnected from the server
Process exiting
Exiting without the bug reporter. Application will terminate with return code 0